The target system is: Generic -  - arm
The host system is: Linux - 5.15.57.1-microsoft-standard-WSL2 - x86_64
Compiling the C compiler identification source file "CMakeCCompilerId.c" succeeded.
Compiler: /opt/arm-gnu-toolchain-11.3.rel1-x86_64-arm-none-eabi/bin/arm-none-eabi-gcc 
Build flags: -mthumb;-mcpu=cortex-m4;-mfloat-abi=hard;-mfpu=fpv4-sp-d16;-g3;-ffunction-sections;-fdata-sections;-fno-strict-aliasing;-fno-builtin;-fno-common;-Wall;-Wshadow;-Wdouble-promotion;-Werror;-Wno-unused-parameter
Id flags: -c 

The output was:
0


Compilation of the C compiler identification source "CMakeCCompilerId.c" produced "CMakeCCompilerId.o"

The C compiler identification is GNU, found in "/home/liydu/Works/mxchip-az3166/samples/mqtt-client/build/CMakeFiles/3.24.0/CompilerIdC/CMakeCCompilerId.o"

Compiling the CXX compiler identification source file "CMakeCXXCompilerId.cpp" succeeded.
Compiler: /opt/arm-gnu-toolchain-11.3.rel1-x86_64-arm-none-eabi/bin/arm-none-eabi-g++ 
Build flags: -mthumb;-mcpu=cortex-m4;-mfloat-abi=hard;-mfpu=fpv4-sp-d16;-g3;-ffunction-sections;-fdata-sections;-fno-strict-aliasing;-fno-builtin;-fno-common;-Wall;-Wshadow;-Wdouble-promotion;-Werror;-Wno-unused-parameter
Id flags: -c 

The output was:
0


Compilation of the CXX compiler identification source "CMakeCXXCompilerId.cpp" produced "CMakeCXXCompilerId.o"

The CXX compiler identification is GNU, found in "/home/liydu/Works/mxchip-az3166/samples/mqtt-client/build/CMakeFiles/3.24.0/CompilerIdCXX/CMakeCXXCompilerId.o"

Checking whether the ASM compiler is GNU using "--version" matched "(GNU assembler)|(GCC)|(Free Software Foundation)":
arm-none-eabi-gcc (Arm GNU Toolchain 11.3.Rel1) 11.3.1 20220712
Copyright (C) 2021 Free Software Foundation, Inc.
This is free software; see the source for copying conditions.  There is NO
warranty; not even for MERCHANTABILITY or FITNESS FOR A PARTICULAR PURPOSE.

Detecting C compiler ABI info compiled with the following output:
Change Dir: /home/liydu/Works/mxchip-az3166/samples/mqtt-client/build/CMakeFiles/CMakeTmp

Run Build Command(s):/usr/bin/ninja cmTC_4a64a && [1/2] Building C object CMakeFiles/cmTC_4a64a.dir/CMakeCCompilerABI.c.obj
Using built-in specs.
COLLECT_GCC=/opt/arm-gnu-toolchain-11.3.rel1-x86_64-arm-none-eabi/bin/arm-none-eabi-gcc
Target: arm-none-eabi
Configured with: /data/jenkins/workspace/GNU-toolchain/arm-11/src/gcc/configure --target=arm-none-eabi --prefix=/data/jenkins/workspace/GNU-toolchain/arm-11/build-arm-none-eabi/install --with-gmp=/data/jenkins/workspace/GNU-toolchain/arm-11/build-arm-none-eabi/host-tools --with-mpfr=/data/jenkins/workspace/GNU-toolchain/arm-11/build-arm-none-eabi/host-tools --with-mpc=/data/jenkins/workspace/GNU-toolchain/arm-11/build-arm-none-eabi/host-tools --with-isl=/data/jenkins/workspace/GNU-toolchain/arm-11/build-arm-none-eabi/host-tools --disable-shared --disable-nls --disable-threads --disable-tls --enable-checking=release --enable-languages=c,c++,fortran --with-newlib --with-gnu-as --with-gnu-ld --with-sysroot=/data/jenkins/workspace/GNU-toolchain/arm-11/build-arm-none-eabi/install/arm-none-eabi --with-multilib-list=aprofile,rmprofile --with-pkgversion='Arm GNU Toolchain 11.3.Rel1' --with-bugurl=https://bugs.linaro.org/
Thread model: single
Supported LTO compression algorithms: zlib
gcc version 11.3.1 20220712 (Arm GNU Toolchain 11.3.Rel1) 
COLLECT_GCC_OPTIONS='-mthumb' '-mcpu=cortex-m4' '-mfloat-abi=hard' '-mfpu=fpv4-sp-d16' '-g3' '-ffunction-sections' '-fdata-sections' '-fno-strict-aliasing' '-fno-builtin' '-fno-common' '-Wall' '-Wshadow' '-Wdouble-promotion' '-O0' '-v' '-std=gnu99' '-o' 'CMakeFiles/cmTC_4a64a.dir/CMakeCCompilerABI.c.obj' '-c' '-mlibarch=armv7e-m+fp' '-march=armv7e-m+fp' '-dumpdir' 'CMakeFiles/cmTC_4a64a.dir/'
 /opt/arm-gnu-toolchain-11.3.rel1-x86_64-arm-none-eabi/bin/../libexec/gcc/arm-none-eabi/11.3.1/cc1 -quiet -v -imultilib thumb/v7e-m+fp/hard -iprefix /opt/arm-gnu-toolchain-11.3.rel1-x86_64-arm-none-eabi/bin/../lib/gcc/arm-none-eabi/11.3.1/ -isysroot /opt/arm-gnu-toolchain-11.3.rel1-x86_64-arm-none-eabi/bin/../arm-none-eabi -dD -D__USES_INITFINI__ /usr/share/cmake-3.24/Modules/CMakeCCompilerABI.c -quiet -dumpdir CMakeFiles/cmTC_4a64a.dir/ -dumpbase CMakeCCompilerABI.c.c -dumpbase-ext .c -mthumb -mcpu=cortex-m4 -mfloat-abi=hard -mfpu=fpv4-sp-d16 -mlibarch=armv7e-m+fp -march=armv7e-m+fp -g3 -O0 -Wall -Wshadow -Wdouble-promotion -std=gnu99 -version -ffunction-sections -fdata-sections -fno-strict-aliasing -fno-builtin -fno-common -o /tmp/ccbvstDP.s
GNU C99 (Arm GNU Toolchain 11.3.Rel1) version 11.3.1 20220712 (arm-none-eabi)
	compiled by GNU C version 4.8.5 20150623 (Red Hat 4.8.5-44), GMP version 6.2.1, MPFR version 3.1.6, MPC version 1.0.3, isl version isl-0.15-1-g835ea3a-GMP

GGC heuristics: --param ggc-min-expand=100 --param ggc-min-heapsize=131072
ignoring duplicate directory "/opt/arm-gnu-toolchain-11.3.rel1-x86_64-arm-none-eabi/bin/../lib/gcc/../../lib/gcc/arm-none-eabi/11.3.1/include"
ignoring nonexistent directory "/opt/arm-gnu-toolchain-11.3.rel1-x86_64-arm-none-eabi/bin/../arm-none-eabi/usr/local/include"
ignoring duplicate directory "/opt/arm-gnu-toolchain-11.3.rel1-x86_64-arm-none-eabi/bin/../lib/gcc/../../lib/gcc/arm-none-eabi/11.3.1/include-fixed"
ignoring duplicate directory "/opt/arm-gnu-toolchain-11.3.rel1-x86_64-arm-none-eabi/bin/../lib/gcc/../../lib/gcc/arm-none-eabi/11.3.1/../../../../arm-none-eabi/include"
ignoring nonexistent directory "/opt/arm-gnu-toolchain-11.3.rel1-x86_64-arm-none-eabi/bin/../arm-none-eabi/usr/include"
#include "..." search starts here:
#include <...> search starts here:
 /opt/arm-gnu-toolchain-11.3.rel1-x86_64-arm-none-eabi/bin/../lib/gcc/arm-none-eabi/11.3.1/include
 /opt/arm-gnu-toolchain-11.3.rel1-x86_64-arm-none-eabi/bin/../lib/gcc/arm-none-eabi/11.3.1/include-fixed
 /opt/arm-gnu-toolchain-11.3.rel1-x86_64-arm-none-eabi/bin/../lib/gcc/arm-none-eabi/11.3.1/../../../../arm-none-eabi/include
End of search list.
GNU C99 (Arm GNU Toolchain 11.3.Rel1) version 11.3.1 20220712 (arm-none-eabi)
	compiled by GNU C version 4.8.5 20150623 (Red Hat 4.8.5-44), GMP version 6.2.1, MPFR version 3.1.6, MPC version 1.0.3, isl version isl-0.15-1-g835ea3a-GMP

GGC heuristics: --param ggc-min-expand=100 --param ggc-min-heapsize=131072
Compiler executable checksum: 801c9e4705ed9ec92526a3ce66f3ab92
COLLECT_GCC_OPTIONS='-mthumb' '-mcpu=cortex-m4' '-mfloat-abi=hard' '-mfpu=fpv4-sp-d16' '-g3' '-ffunction-sections' '-fdata-sections' '-fno-strict-aliasing' '-fno-builtin' '-fno-common' '-Wall' '-Wshadow' '-Wdouble-promotion' '-O0' '-v' '-std=gnu99' '-o' 'CMakeFiles/cmTC_4a64a.dir/CMakeCCompilerABI.c.obj' '-c' '-mlibarch=armv7e-m+fp' '-march=armv7e-m+fp' '-dumpdir' 'CMakeFiles/cmTC_4a64a.dir/'
 /opt/arm-gnu-toolchain-11.3.rel1-x86_64-arm-none-eabi/bin/../lib/gcc/arm-none-eabi/11.3.1/../../../../arm-none-eabi/bin/as -v -march=armv7e-m -mfloat-abi=hard -mfpu=fpv4-sp-d16 -meabi=5 -o CMakeFiles/cmTC_4a64a.dir/CMakeCCompilerABI.c.obj /tmp/ccbvstDP.s
GNU assembler version 2.38 (arm-none-eabi) using BFD version (Arm GNU Toolchain 11.3.Rel1) 2.38.20220708
COMPILER_PATH=/opt/arm-gnu-toolchain-11.3.rel1-x86_64-arm-none-eabi/bin/../libexec/gcc/arm-none-eabi/11.3.1/:/opt/arm-gnu-toolchain-11.3.rel1-x86_64-arm-none-eabi/bin/../libexec/gcc/:/opt/arm-gnu-toolchain-11.3.rel1-x86_64-arm-none-eabi/bin/../lib/gcc/arm-none-eabi/11.3.1/../../../../arm-none-eabi/bin/
LIBRARY_PATH=/opt/arm-gnu-toolchain-11.3.rel1-x86_64-arm-none-eabi/bin/../lib/gcc/arm-none-eabi/11.3.1/thumb/v7e-m+fp/hard/:/opt/arm-gnu-toolchain-11.3.rel1-x86_64-arm-none-eabi/bin/../lib/gcc/arm-none-eabi/11.3.1/../../../../arm-none-eabi/lib/thumb/v7e-m+fp/hard/:/opt/arm-gnu-toolchain-11.3.rel1-x86_64-arm-none-eabi/bin/../arm-none-eabi/lib/thumb/v7e-m+fp/hard/:/opt/arm-gnu-toolchain-11.3.rel1-x86_64-arm-none-eabi/bin/../lib/gcc/arm-none-eabi/11.3.1/:/opt/arm-gnu-toolchain-11.3.rel1-x86_64-arm-none-eabi/bin/../lib/gcc/:/opt/arm-gnu-toolchain-11.3.rel1-x86_64-arm-none-eabi/bin/../lib/gcc/arm-none-eabi/11.3.1/../../../../arm-none-eabi/lib/:/opt/arm-gnu-toolchain-11.3.rel1-x86_64-arm-none-eabi/bin/../arm-none-eabi/lib/
COLLECT_GCC_OPTIONS='-mthumb' '-mcpu=cortex-m4' '-mfloat-abi=hard' '-mfpu=fpv4-sp-d16' '-g3' '-ffunction-sections' '-fdata-sections' '-fno-strict-aliasing' '-fno-builtin' '-fno-common' '-Wall' '-Wshadow' '-Wdouble-promotion' '-O0' '-v' '-std=gnu99' '-o' 'CMakeFiles/cmTC_4a64a.dir/CMakeCCompilerABI.c.obj' '-c' '-mlibarch=armv7e-m+fp' '-march=armv7e-m+fp' '-dumpdir' 'CMakeFiles/cmTC_4a64a.dir/CMakeCCompilerABI.c.'
[2/2] Linking C static library libcmTC_4a64a.a



Parsed C implicit include dir info from above output: rv=done
  found start of include info
  found start of implicit include info
    add: [/opt/arm-gnu-toolchain-11.3.rel1-x86_64-arm-none-eabi/bin/../lib/gcc/arm-none-eabi/11.3.1/include]
    add: [/opt/arm-gnu-toolchain-11.3.rel1-x86_64-arm-none-eabi/bin/../lib/gcc/arm-none-eabi/11.3.1/include-fixed]
    add: [/opt/arm-gnu-toolchain-11.3.rel1-x86_64-arm-none-eabi/bin/../lib/gcc/arm-none-eabi/11.3.1/../../../../arm-none-eabi/include]
  end of search list found
  collapse include dir [/opt/arm-gnu-toolchain-11.3.rel1-x86_64-arm-none-eabi/bin/../lib/gcc/arm-none-eabi/11.3.1/include] ==> [/opt/arm-gnu-toolchain-11.3.rel1-x86_64-arm-none-eabi/lib/gcc/arm-none-eabi/11.3.1/include]
  collapse include dir [/opt/arm-gnu-toolchain-11.3.rel1-x86_64-arm-none-eabi/bin/../lib/gcc/arm-none-eabi/11.3.1/include-fixed] ==> [/opt/arm-gnu-toolchain-11.3.rel1-x86_64-arm-none-eabi/lib/gcc/arm-none-eabi/11.3.1/include-fixed]
  collapse include dir [/opt/arm-gnu-toolchain-11.3.rel1-x86_64-arm-none-eabi/bin/../lib/gcc/arm-none-eabi/11.3.1/../../../../arm-none-eabi/include] ==> [/opt/arm-gnu-toolchain-11.3.rel1-x86_64-arm-none-eabi/arm-none-eabi/include]
  implicit include dirs: [/opt/arm-gnu-toolchain-11.3.rel1-x86_64-arm-none-eabi/lib/gcc/arm-none-eabi/11.3.1/include;/opt/arm-gnu-toolchain-11.3.rel1-x86_64-arm-none-eabi/lib/gcc/arm-none-eabi/11.3.1/include-fixed;/opt/arm-gnu-toolchain-11.3.rel1-x86_64-arm-none-eabi/arm-none-eabi/include]


Parsed C implicit link information from above output:
  link line regex: [^( *|.*[/\])(arm-none-eabi-gcc|CMAKE_LINK_STARTFILE-NOTFOUND|([^/\]+-)?ld|collect2)[^/\]*( |$)]
  ignore line: [Change Dir: /home/liydu/Works/mxchip-az3166/samples/mqtt-client/build/CMakeFiles/CMakeTmp]
  ignore line: []
  ignore line: [Run Build Command(s):/usr/bin/ninja cmTC_4a64a && [1/2] Building C object CMakeFiles/cmTC_4a64a.dir/CMakeCCompilerABI.c.obj]
  ignore line: [Using built-in specs.]
  ignore line: [COLLECT_GCC=/opt/arm-gnu-toolchain-11.3.rel1-x86_64-arm-none-eabi/bin/arm-none-eabi-gcc]
  ignore line: [Target: arm-none-eabi]
  ignore line: [Configured with: /data/jenkins/workspace/GNU-toolchain/arm-11/src/gcc/configure --target=arm-none-eabi --prefix=/data/jenkins/workspace/GNU-toolchain/arm-11/build-arm-none-eabi/install --with-gmp=/data/jenkins/workspace/GNU-toolchain/arm-11/build-arm-none-eabi/host-tools --with-mpfr=/data/jenkins/workspace/GNU-toolchain/arm-11/build-arm-none-eabi/host-tools --with-mpc=/data/jenkins/workspace/GNU-toolchain/arm-11/build-arm-none-eabi/host-tools --with-isl=/data/jenkins/workspace/GNU-toolchain/arm-11/build-arm-none-eabi/host-tools --disable-shared --disable-nls --disable-threads --disable-tls --enable-checking=release --enable-languages=c,c++,fortran --with-newlib --with-gnu-as --with-gnu-ld --with-sysroot=/data/jenkins/workspace/GNU-toolchain/arm-11/build-arm-none-eabi/install/arm-none-eabi --with-multilib-list=aprofile,rmprofile --with-pkgversion='Arm GNU Toolchain 11.3.Rel1' --with-bugurl=https://bugs.linaro.org/]
  ignore line: [Thread model: single]
  ignore line: [Supported LTO compression algorithms: zlib]
  ignore line: [gcc version 11.3.1 20220712 (Arm GNU Toolchain 11.3.Rel1) ]
  ignore line: [COLLECT_GCC_OPTIONS='-mthumb' '-mcpu=cortex-m4' '-mfloat-abi=hard' '-mfpu=fpv4-sp-d16' '-g3' '-ffunction-sections' '-fdata-sections' '-fno-strict-aliasing' '-fno-builtin' '-fno-common' '-Wall' '-Wshadow' '-Wdouble-promotion' '-O0' '-v' '-std=gnu99' '-o' 'CMakeFiles/cmTC_4a64a.dir/CMakeCCompilerABI.c.obj' '-c' '-mlibarch=armv7e-m+fp' '-march=armv7e-m+fp' '-dumpdir' 'CMakeFiles/cmTC_4a64a.dir/']
  ignore line: [ /opt/arm-gnu-toolchain-11.3.rel1-x86_64-arm-none-eabi/bin/../libexec/gcc/arm-none-eabi/11.3.1/cc1 -quiet -v -imultilib thumb/v7e-m+fp/hard -iprefix /opt/arm-gnu-toolchain-11.3.rel1-x86_64-arm-none-eabi/bin/../lib/gcc/arm-none-eabi/11.3.1/ -isysroot /opt/arm-gnu-toolchain-11.3.rel1-x86_64-arm-none-eabi/bin/../arm-none-eabi -dD -D__USES_INITFINI__ /usr/share/cmake-3.24/Modules/CMakeCCompilerABI.c -quiet -dumpdir CMakeFiles/cmTC_4a64a.dir/ -dumpbase CMakeCCompilerABI.c.c -dumpbase-ext .c -mthumb -mcpu=cortex-m4 -mfloat-abi=hard -mfpu=fpv4-sp-d16 -mlibarch=armv7e-m+fp -march=armv7e-m+fp -g3 -O0 -Wall -Wshadow -Wdouble-promotion -std=gnu99 -version -ffunction-sections -fdata-sections -fno-strict-aliasing -fno-builtin -fno-common -o /tmp/ccbvstDP.s]
  ignore line: [GNU C99 (Arm GNU Toolchain 11.3.Rel1) version 11.3.1 20220712 (arm-none-eabi)]
  ignore line: [	compiled by GNU C version 4.8.5 20150623 (Red Hat 4.8.5-44)  GMP version 6.2.1  MPFR version 3.1.6  MPC version 1.0.3  isl version isl-0.15-1-g835ea3a-GMP]
  ignore line: []
  ignore line: [GGC heuristics: --param ggc-min-expand=100 --param ggc-min-heapsize=131072]
  ignore line: [ignoring duplicate directory "/opt/arm-gnu-toolchain-11.3.rel1-x86_64-arm-none-eabi/bin/../lib/gcc/../../lib/gcc/arm-none-eabi/11.3.1/include"]
  ignore line: [ignoring nonexistent directory "/opt/arm-gnu-toolchain-11.3.rel1-x86_64-arm-none-eabi/bin/../arm-none-eabi/usr/local/include"]
  ignore line: [ignoring duplicate directory "/opt/arm-gnu-toolchain-11.3.rel1-x86_64-arm-none-eabi/bin/../lib/gcc/../../lib/gcc/arm-none-eabi/11.3.1/include-fixed"]
  ignore line: [ignoring duplicate directory "/opt/arm-gnu-toolchain-11.3.rel1-x86_64-arm-none-eabi/bin/../lib/gcc/../../lib/gcc/arm-none-eabi/11.3.1/../../../../arm-none-eabi/include"]
  ignore line: [ignoring nonexistent directory "/opt/arm-gnu-toolchain-11.3.rel1-x86_64-arm-none-eabi/bin/../arm-none-eabi/usr/include"]
  ignore line: [#include "..." search starts here:]
  ignore line: [#include <...> search starts here:]
  ignore line: [ /opt/arm-gnu-toolchain-11.3.rel1-x86_64-arm-none-eabi/bin/../lib/gcc/arm-none-eabi/11.3.1/include]
  ignore line: [ /opt/arm-gnu-toolchain-11.3.rel1-x86_64-arm-none-eabi/bin/../lib/gcc/arm-none-eabi/11.3.1/include-fixed]
  ignore line: [ /opt/arm-gnu-toolchain-11.3.rel1-x86_64-arm-none-eabi/bin/../lib/gcc/arm-none-eabi/11.3.1/../../../../arm-none-eabi/include]
  ignore line: [End of search list.]
  ignore line: [GNU C99 (Arm GNU Toolchain 11.3.Rel1) version 11.3.1 20220712 (arm-none-eabi)]
  ignore line: [	compiled by GNU C version 4.8.5 20150623 (Red Hat 4.8.5-44)  GMP version 6.2.1  MPFR version 3.1.6  MPC version 1.0.3  isl version isl-0.15-1-g835ea3a-GMP]
  ignore line: []
  ignore line: [GGC heuristics: --param ggc-min-expand=100 --param ggc-min-heapsize=131072]
  ignore line: [Compiler executable checksum: 801c9e4705ed9ec92526a3ce66f3ab92]
  ignore line: [COLLECT_GCC_OPTIONS='-mthumb' '-mcpu=cortex-m4' '-mfloat-abi=hard' '-mfpu=fpv4-sp-d16' '-g3' '-ffunction-sections' '-fdata-sections' '-fno-strict-aliasing' '-fno-builtin' '-fno-common' '-Wall' '-Wshadow' '-Wdouble-promotion' '-O0' '-v' '-std=gnu99' '-o' 'CMakeFiles/cmTC_4a64a.dir/CMakeCCompilerABI.c.obj' '-c' '-mlibarch=armv7e-m+fp' '-march=armv7e-m+fp' '-dumpdir' 'CMakeFiles/cmTC_4a64a.dir/']
  ignore line: [ /opt/arm-gnu-toolchain-11.3.rel1-x86_64-arm-none-eabi/bin/../lib/gcc/arm-none-eabi/11.3.1/../../../../arm-none-eabi/bin/as -v -march=armv7e-m -mfloat-abi=hard -mfpu=fpv4-sp-d16 -meabi=5 -o CMakeFiles/cmTC_4a64a.dir/CMakeCCompilerABI.c.obj /tmp/ccbvstDP.s]
  ignore line: [GNU assembler version 2.38 (arm-none-eabi) using BFD version (Arm GNU Toolchain 11.3.Rel1) 2.38.20220708]
  ignore line: [COMPILER_PATH=/opt/arm-gnu-toolchain-11.3.rel1-x86_64-arm-none-eabi/bin/../libexec/gcc/arm-none-eabi/11.3.1/:/opt/arm-gnu-toolchain-11.3.rel1-x86_64-arm-none-eabi/bin/../libexec/gcc/:/opt/arm-gnu-toolchain-11.3.rel1-x86_64-arm-none-eabi/bin/../lib/gcc/arm-none-eabi/11.3.1/../../../../arm-none-eabi/bin/]
  ignore line: [LIBRARY_PATH=/opt/arm-gnu-toolchain-11.3.rel1-x86_64-arm-none-eabi/bin/../lib/gcc/arm-none-eabi/11.3.1/thumb/v7e-m+fp/hard/:/opt/arm-gnu-toolchain-11.3.rel1-x86_64-arm-none-eabi/bin/../lib/gcc/arm-none-eabi/11.3.1/../../../../arm-none-eabi/lib/thumb/v7e-m+fp/hard/:/opt/arm-gnu-toolchain-11.3.rel1-x86_64-arm-none-eabi/bin/../arm-none-eabi/lib/thumb/v7e-m+fp/hard/:/opt/arm-gnu-toolchain-11.3.rel1-x86_64-arm-none-eabi/bin/../lib/gcc/arm-none-eabi/11.3.1/:/opt/arm-gnu-toolchain-11.3.rel1-x86_64-arm-none-eabi/bin/../lib/gcc/:/opt/arm-gnu-toolchain-11.3.rel1-x86_64-arm-none-eabi/bin/../lib/gcc/arm-none-eabi/11.3.1/../../../../arm-none-eabi/lib/:/opt/arm-gnu-toolchain-11.3.rel1-x86_64-arm-none-eabi/bin/../arm-none-eabi/lib/]
  ignore line: [COLLECT_GCC_OPTIONS='-mthumb' '-mcpu=cortex-m4' '-mfloat-abi=hard' '-mfpu=fpv4-sp-d16' '-g3' '-ffunction-sections' '-fdata-sections' '-fno-strict-aliasing' '-fno-builtin' '-fno-common' '-Wall' '-Wshadow' '-Wdouble-promotion' '-O0' '-v' '-std=gnu99' '-o' 'CMakeFiles/cmTC_4a64a.dir/CMakeCCompilerABI.c.obj' '-c' '-mlibarch=armv7e-m+fp' '-march=armv7e-m+fp' '-dumpdir' 'CMakeFiles/cmTC_4a64a.dir/CMakeCCompilerABI.c.']
  ignore line: [[2/2] Linking C static library libcmTC_4a64a.a]
  ignore line: []
  ignore line: []
  implicit libs: []
  implicit objs: []
  implicit dirs: []
  implicit fwks: []


Detecting CXX compiler ABI info compiled with the following output:
Change Dir: /home/liydu/Works/mxchip-az3166/samples/mqtt-client/build/CMakeFiles/CMakeTmp

Run Build Command(s):/usr/bin/ninja cmTC_61fcb && [1/2] Building CXX object CMakeFiles/cmTC_61fcb.dir/CMakeCXXCompilerABI.cpp.obj
Using built-in specs.
COLLECT_GCC=/opt/arm-gnu-toolchain-11.3.rel1-x86_64-arm-none-eabi/bin/arm-none-eabi-g++
Target: arm-none-eabi
Configured with: /data/jenkins/workspace/GNU-toolchain/arm-11/src/gcc/configure --target=arm-none-eabi --prefix=/data/jenkins/workspace/GNU-toolchain/arm-11/build-arm-none-eabi/install --with-gmp=/data/jenkins/workspace/GNU-toolchain/arm-11/build-arm-none-eabi/host-tools --with-mpfr=/data/jenkins/workspace/GNU-toolchain/arm-11/build-arm-none-eabi/host-tools --with-mpc=/data/jenkins/workspace/GNU-toolchain/arm-11/build-arm-none-eabi/host-tools --with-isl=/data/jenkins/workspace/GNU-toolchain/arm-11/build-arm-none-eabi/host-tools --disable-shared --disable-nls --disable-threads --disable-tls --enable-checking=release --enable-languages=c,c++,fortran --with-newlib --with-gnu-as --with-gnu-ld --with-sysroot=/data/jenkins/workspace/GNU-toolchain/arm-11/build-arm-none-eabi/install/arm-none-eabi --with-multilib-list=aprofile,rmprofile --with-pkgversion='Arm GNU Toolchain 11.3.Rel1' --with-bugurl=https://bugs.linaro.org/
Thread model: single
Supported LTO compression algorithms: zlib
gcc version 11.3.1 20220712 (Arm GNU Toolchain 11.3.Rel1) 
COLLECT_GCC_OPTIONS='-mthumb' '-mcpu=cortex-m4' '-mfloat-abi=hard' '-mfpu=fpv4-sp-d16' '-g3' '-ffunction-sections' '-fdata-sections' '-fno-strict-aliasing' '-fno-builtin' '-fno-common' '-Wall' '-Wshadow' '-Wdouble-promotion' '-g' '-v' '-o' 'CMakeFiles/cmTC_61fcb.dir/CMakeCXXCompilerABI.cpp.obj' '-c' '-mlibarch=armv7e-m+fp' '-march=armv7e-m+fp' '-dumpdir' 'CMakeFiles/cmTC_61fcb.dir/'
 /opt/arm-gnu-toolchain-11.3.rel1-x86_64-arm-none-eabi/bin/../libexec/gcc/arm-none-eabi/11.3.1/cc1plus -quiet -v -imultilib thumb/v7e-m+fp/hard -iprefix /opt/arm-gnu-toolchain-11.3.rel1-x86_64-arm-none-eabi/bin/../lib/gcc/arm-none-eabi/11.3.1/ -isysroot /opt/arm-gnu-toolchain-11.3.rel1-x86_64-arm-none-eabi/bin/../arm-none-eabi -dD -D__USES_INITFINI__ /usr/share/cmake-3.24/Modules/CMakeCXXCompilerABI.cpp -quiet -dumpdir CMakeFiles/cmTC_61fcb.dir/ -dumpbase CMakeCXXCompilerABI.cpp.cpp -dumpbase-ext .cpp -mthumb -mcpu=cortex-m4 -mfloat-abi=hard -mfpu=fpv4-sp-d16 -mlibarch=armv7e-m+fp -march=armv7e-m+fp -g3 -g -Wall -Wshadow -Wdouble-promotion -version -ffunction-sections -fdata-sections -fno-strict-aliasing -fno-builtin -fno-common -o /tmp/cc6ZzADw.s
GNU C++17 (Arm GNU Toolchain 11.3.Rel1) version 11.3.1 20220712 (arm-none-eabi)
	compiled by GNU C version 4.8.5 20150623 (Red Hat 4.8.5-44), GMP version 6.2.1, MPFR version 3.1.6, MPC version 1.0.3, isl version isl-0.15-1-g835ea3a-GMP

GGC heuristics: --param ggc-min-expand=100 --param ggc-min-heapsize=131072
ignoring duplicate directory "/opt/arm-gnu-toolchain-11.3.rel1-x86_64-arm-none-eabi/bin/../lib/gcc/../../lib/gcc/arm-none-eabi/11.3.1/../../../../arm-none-eabi/include/c++/11.3.1"
ignoring duplicate directory "/opt/arm-gnu-toolchain-11.3.rel1-x86_64-arm-none-eabi/bin/../lib/gcc/../../lib/gcc/arm-none-eabi/11.3.1/../../../../arm-none-eabi/include/c++/11.3.1/arm-none-eabi/thumb/v7e-m+fp/hard"
ignoring duplicate directory "/opt/arm-gnu-toolchain-11.3.rel1-x86_64-arm-none-eabi/bin/../lib/gcc/../../lib/gcc/arm-none-eabi/11.3.1/../../../../arm-none-eabi/include/c++/11.3.1/backward"
ignoring duplicate directory "/opt/arm-gnu-toolchain-11.3.rel1-x86_64-arm-none-eabi/bin/../lib/gcc/../../lib/gcc/arm-none-eabi/11.3.1/include"
ignoring nonexistent directory "/opt/arm-gnu-toolchain-11.3.rel1-x86_64-arm-none-eabi/bin/../arm-none-eabi/usr/local/include"
ignoring duplicate directory "/opt/arm-gnu-toolchain-11.3.rel1-x86_64-arm-none-eabi/bin/../lib/gcc/../../lib/gcc/arm-none-eabi/11.3.1/include-fixed"
ignoring duplicate directory "/opt/arm-gnu-toolchain-11.3.rel1-x86_64-arm-none-eabi/bin/../lib/gcc/../../lib/gcc/arm-none-eabi/11.3.1/../../../../arm-none-eabi/include"
ignoring nonexistent directory "/opt/arm-gnu-toolchain-11.3.rel1-x86_64-arm-none-eabi/bin/../arm-none-eabi/usr/include"
#include "..." search starts here:
#include <...> search starts here:
 /opt/arm-gnu-toolchain-11.3.rel1-x86_64-arm-none-eabi/bin/../lib/gcc/arm-none-eabi/11.3.1/../../../../arm-none-eabi/include/c++/11.3.1
 /opt/arm-gnu-toolchain-11.3.rel1-x86_64-arm-none-eabi/bin/../lib/gcc/arm-none-eabi/11.3.1/../../../../arm-none-eabi/include/c++/11.3.1/arm-none-eabi/thumb/v7e-m+fp/hard
 /opt/arm-gnu-toolchain-11.3.rel1-x86_64-arm-none-eabi/bin/../lib/gcc/arm-none-eabi/11.3.1/../../../../arm-none-eabi/include/c++/11.3.1/backward
 /opt/arm-gnu-toolchain-11.3.rel1-x86_64-arm-none-eabi/bin/../lib/gcc/arm-none-eabi/11.3.1/include
 /opt/arm-gnu-toolchain-11.3.rel1-x86_64-arm-none-eabi/bin/../lib/gcc/arm-none-eabi/11.3.1/include-fixed
 /opt/arm-gnu-toolchain-11.3.rel1-x86_64-arm-none-eabi/bin/../lib/gcc/arm-none-eabi/11.3.1/../../../../arm-none-eabi/include
End of search list.
GNU C++17 (Arm GNU Toolchain 11.3.Rel1) version 11.3.1 20220712 (arm-none-eabi)
	compiled by GNU C version 4.8.5 20150623 (Red Hat 4.8.5-44), GMP version 6.2.1, MPFR version 3.1.6, MPC version 1.0.3, isl version isl-0.15-1-g835ea3a-GMP

GGC heuristics: --param ggc-min-expand=100 --param ggc-min-heapsize=131072
Compiler executable checksum: 4ad1443e6a345a117fb272ac1069ae94
COLLECT_GCC_OPTIONS='-mthumb' '-mcpu=cortex-m4' '-mfloat-abi=hard' '-mfpu=fpv4-sp-d16' '-g3' '-ffunction-sections' '-fdata-sections' '-fno-strict-aliasing' '-fno-builtin' '-fno-common' '-Wall' '-Wshadow' '-Wdouble-promotion' '-g' '-v' '-o' 'CMakeFiles/cmTC_61fcb.dir/CMakeCXXCompilerABI.cpp.obj' '-c' '-mlibarch=armv7e-m+fp' '-march=armv7e-m+fp' '-dumpdir' 'CMakeFiles/cmTC_61fcb.dir/'
 /opt/arm-gnu-toolchain-11.3.rel1-x86_64-arm-none-eabi/bin/../lib/gcc/arm-none-eabi/11.3.1/../../../../arm-none-eabi/bin/as -v -march=armv7e-m -mfloat-abi=hard -mfpu=fpv4-sp-d16 -meabi=5 -o CMakeFiles/cmTC_61fcb.dir/CMakeCXXCompilerABI.cpp.obj /tmp/cc6ZzADw.s
GNU assembler version 2.38 (arm-none-eabi) using BFD version (Arm GNU Toolchain 11.3.Rel1) 2.38.20220708
COMPILER_PATH=/opt/arm-gnu-toolchain-11.3.rel1-x86_64-arm-none-eabi/bin/../libexec/gcc/arm-none-eabi/11.3.1/:/opt/arm-gnu-toolchain-11.3.rel1-x86_64-arm-none-eabi/bin/../libexec/gcc/:/opt/arm-gnu-toolchain-11.3.rel1-x86_64-arm-none-eabi/bin/../lib/gcc/arm-none-eabi/11.3.1/../../../../arm-none-eabi/bin/
LIBRARY_PATH=/opt/arm-gnu-toolchain-11.3.rel1-x86_64-arm-none-eabi/bin/../lib/gcc/arm-none-eabi/11.3.1/thumb/v7e-m+fp/hard/:/opt/arm-gnu-toolchain-11.3.rel1-x86_64-arm-none-eabi/bin/../lib/gcc/arm-none-eabi/11.3.1/../../../../arm-none-eabi/lib/thumb/v7e-m+fp/hard/:/opt/arm-gnu-toolchain-11.3.rel1-x86_64-arm-none-eabi/bin/../arm-none-eabi/lib/thumb/v7e-m+fp/hard/:/opt/arm-gnu-toolchain-11.3.rel1-x86_64-arm-none-eabi/bin/../lib/gcc/arm-none-eabi/11.3.1/:/opt/arm-gnu-toolchain-11.3.rel1-x86_64-arm-none-eabi/bin/../lib/gcc/:/opt/arm-gnu-toolchain-11.3.rel1-x86_64-arm-none-eabi/bin/../lib/gcc/arm-none-eabi/11.3.1/../../../../arm-none-eabi/lib/:/opt/arm-gnu-toolchain-11.3.rel1-x86_64-arm-none-eabi/bin/../arm-none-eabi/lib/
COLLECT_GCC_OPTIONS='-mthumb' '-mcpu=cortex-m4' '-mfloat-abi=hard' '-mfpu=fpv4-sp-d16' '-g3' '-ffunction-sections' '-fdata-sections' '-fno-strict-aliasing' '-fno-builtin' '-fno-common' '-Wall' '-Wshadow' '-Wdouble-promotion' '-g' '-v' '-o' 'CMakeFiles/cmTC_61fcb.dir/CMakeCXXCompilerABI.cpp.obj' '-c' '-mlibarch=armv7e-m+fp' '-march=armv7e-m+fp' '-dumpdir' 'CMakeFiles/cmTC_61fcb.dir/CMakeCXXCompilerABI.cpp.'
[2/2] Linking CXX static library libcmTC_61fcb.a



Parsed CXX implicit include dir info from above output: rv=done
  found start of include info
  found start of implicit include info
    add: [/opt/arm-gnu-toolchain-11.3.rel1-x86_64-arm-none-eabi/bin/../lib/gcc/arm-none-eabi/11.3.1/../../../../arm-none-eabi/include/c++/11.3.1]
    add: [/opt/arm-gnu-toolchain-11.3.rel1-x86_64-arm-none-eabi/bin/../lib/gcc/arm-none-eabi/11.3.1/../../../../arm-none-eabi/include/c++/11.3.1/arm-none-eabi/thumb/v7e-m+fp/hard]
    add: [/opt/arm-gnu-toolchain-11.3.rel1-x86_64-arm-none-eabi/bin/../lib/gcc/arm-none-eabi/11.3.1/../../../../arm-none-eabi/include/c++/11.3.1/backward]
    add: [/opt/arm-gnu-toolchain-11.3.rel1-x86_64-arm-none-eabi/bin/../lib/gcc/arm-none-eabi/11.3.1/include]
    add: [/opt/arm-gnu-toolchain-11.3.rel1-x86_64-arm-none-eabi/bin/../lib/gcc/arm-none-eabi/11.3.1/include-fixed]
    add: [/opt/arm-gnu-toolchain-11.3.rel1-x86_64-arm-none-eabi/bin/../lib/gcc/arm-none-eabi/11.3.1/../../../../arm-none-eabi/include]
  end of search list found
  collapse include dir [/opt/arm-gnu-toolchain-11.3.rel1-x86_64-arm-none-eabi/bin/../lib/gcc/arm-none-eabi/11.3.1/../../../../arm-none-eabi/include/c++/11.3.1] ==> [/opt/arm-gnu-toolchain-11.3.rel1-x86_64-arm-none-eabi/arm-none-eabi/include/c++/11.3.1]
  collapse include dir [/opt/arm-gnu-toolchain-11.3.rel1-x86_64-arm-none-eabi/bin/../lib/gcc/arm-none-eabi/11.3.1/../../../../arm-none-eabi/include/c++/11.3.1/arm-none-eabi/thumb/v7e-m+fp/hard] ==> [/opt/arm-gnu-toolchain-11.3.rel1-x86_64-arm-none-eabi/arm-none-eabi/include/c++/11.3.1/arm-none-eabi/thumb/v7e-m+fp/hard]
  collapse include dir [/opt/arm-gnu-toolchain-11.3.rel1-x86_64-arm-none-eabi/bin/../lib/gcc/arm-none-eabi/11.3.1/../../../../arm-none-eabi/include/c++/11.3.1/backward] ==> [/opt/arm-gnu-toolchain-11.3.rel1-x86_64-arm-none-eabi/arm-none-eabi/include/c++/11.3.1/backward]
  collapse include dir [/opt/arm-gnu-toolchain-11.3.rel1-x86_64-arm-none-eabi/bin/../lib/gcc/arm-none-eabi/11.3.1/include] ==> [/opt/arm-gnu-toolchain-11.3.rel1-x86_64-arm-none-eabi/lib/gcc/arm-none-eabi/11.3.1/include]
  collapse include dir [/opt/arm-gnu-toolchain-11.3.rel1-x86_64-arm-none-eabi/bin/../lib/gcc/arm-none-eabi/11.3.1/include-fixed] ==> [/opt/arm-gnu-toolchain-11.3.rel1-x86_64-arm-none-eabi/lib/gcc/arm-none-eabi/11.3.1/include-fixed]
  collapse include dir [/opt/arm-gnu-toolchain-11.3.rel1-x86_64-arm-none-eabi/bin/../lib/gcc/arm-none-eabi/11.3.1/../../../../arm-none-eabi/include] ==> [/opt/arm-gnu-toolchain-11.3.rel1-x86_64-arm-none-eabi/arm-none-eabi/include]
  implicit include dirs: [/opt/arm-gnu-toolchain-11.3.rel1-x86_64-arm-none-eabi/arm-none-eabi/include/c++/11.3.1;/opt/arm-gnu-toolchain-11.3.rel1-x86_64-arm-none-eabi/arm-none-eabi/include/c++/11.3.1/arm-none-eabi/thumb/v7e-m+fp/hard;/opt/arm-gnu-toolchain-11.3.rel1-x86_64-arm-none-eabi/arm-none-eabi/include/c++/11.3.1/backward;/opt/arm-gnu-toolchain-11.3.rel1-x86_64-arm-none-eabi/lib/gcc/arm-none-eabi/11.3.1/include;/opt/arm-gnu-toolchain-11.3.rel1-x86_64-arm-none-eabi/lib/gcc/arm-none-eabi/11.3.1/include-fixed;/opt/arm-gnu-toolchain-11.3.rel1-x86_64-arm-none-eabi/arm-none-eabi/include]


Parsed CXX implicit link information from above output:
  link line regex: [^( *|.*[/\])(arm-none-eabi-gcc|CMAKE_LINK_STARTFILE-NOTFOUND|([^/\]+-)?ld|collect2)[^/\]*( |$)]
  ignore line: [Change Dir: /home/liydu/Works/mxchip-az3166/samples/mqtt-client/build/CMakeFiles/CMakeTmp]
  ignore line: []
  ignore line: [Run Build Command(s):/usr/bin/ninja cmTC_61fcb && [1/2] Building CXX object CMakeFiles/cmTC_61fcb.dir/CMakeCXXCompilerABI.cpp.obj]
  ignore line: [Using built-in specs.]
  ignore line: [COLLECT_GCC=/opt/arm-gnu-toolchain-11.3.rel1-x86_64-arm-none-eabi/bin/arm-none-eabi-g++]
  ignore line: [Target: arm-none-eabi]
  ignore line: [Configured with: /data/jenkins/workspace/GNU-toolchain/arm-11/src/gcc/configure --target=arm-none-eabi --prefix=/data/jenkins/workspace/GNU-toolchain/arm-11/build-arm-none-eabi/install --with-gmp=/data/jenkins/workspace/GNU-toolchain/arm-11/build-arm-none-eabi/host-tools --with-mpfr=/data/jenkins/workspace/GNU-toolchain/arm-11/build-arm-none-eabi/host-tools --with-mpc=/data/jenkins/workspace/GNU-toolchain/arm-11/build-arm-none-eabi/host-tools --with-isl=/data/jenkins/workspace/GNU-toolchain/arm-11/build-arm-none-eabi/host-tools --disable-shared --disable-nls --disable-threads --disable-tls --enable-checking=release --enable-languages=c,c++,fortran --with-newlib --with-gnu-as --with-gnu-ld --with-sysroot=/data/jenkins/workspace/GNU-toolchain/arm-11/build-arm-none-eabi/install/arm-none-eabi --with-multilib-list=aprofile,rmprofile --with-pkgversion='Arm GNU Toolchain 11.3.Rel1' --with-bugurl=https://bugs.linaro.org/]
  ignore line: [Thread model: single]
  ignore line: [Supported LTO compression algorithms: zlib]
  ignore line: [gcc version 11.3.1 20220712 (Arm GNU Toolchain 11.3.Rel1) ]
  ignore line: [COLLECT_GCC_OPTIONS='-mthumb' '-mcpu=cortex-m4' '-mfloat-abi=hard' '-mfpu=fpv4-sp-d16' '-g3' '-ffunction-sections' '-fdata-sections' '-fno-strict-aliasing' '-fno-builtin' '-fno-common' '-Wall' '-Wshadow' '-Wdouble-promotion' '-g' '-v' '-o' 'CMakeFiles/cmTC_61fcb.dir/CMakeCXXCompilerABI.cpp.obj' '-c' '-mlibarch=armv7e-m+fp' '-march=armv7e-m+fp' '-dumpdir' 'CMakeFiles/cmTC_61fcb.dir/']
  ignore line: [ /opt/arm-gnu-toolchain-11.3.rel1-x86_64-arm-none-eabi/bin/../libexec/gcc/arm-none-eabi/11.3.1/cc1plus -quiet -v -imultilib thumb/v7e-m+fp/hard -iprefix /opt/arm-gnu-toolchain-11.3.rel1-x86_64-arm-none-eabi/bin/../lib/gcc/arm-none-eabi/11.3.1/ -isysroot /opt/arm-gnu-toolchain-11.3.rel1-x86_64-arm-none-eabi/bin/../arm-none-eabi -dD -D__USES_INITFINI__ /usr/share/cmake-3.24/Modules/CMakeCXXCompilerABI.cpp -quiet -dumpdir CMakeFiles/cmTC_61fcb.dir/ -dumpbase CMakeCXXCompilerABI.cpp.cpp -dumpbase-ext .cpp -mthumb -mcpu=cortex-m4 -mfloat-abi=hard -mfpu=fpv4-sp-d16 -mlibarch=armv7e-m+fp -march=armv7e-m+fp -g3 -g -Wall -Wshadow -Wdouble-promotion -version -ffunction-sections -fdata-sections -fno-strict-aliasing -fno-builtin -fno-common -o /tmp/cc6ZzADw.s]
  ignore line: [GNU C++17 (Arm GNU Toolchain 11.3.Rel1) version 11.3.1 20220712 (arm-none-eabi)]
  ignore line: [	compiled by GNU C version 4.8.5 20150623 (Red Hat 4.8.5-44)  GMP version 6.2.1  MPFR version 3.1.6  MPC version 1.0.3  isl version isl-0.15-1-g835ea3a-GMP]
  ignore line: []
  ignore line: [GGC heuristics: --param ggc-min-expand=100 --param ggc-min-heapsize=131072]
  ignore line: [ignoring duplicate directory "/opt/arm-gnu-toolchain-11.3.rel1-x86_64-arm-none-eabi/bin/../lib/gcc/../../lib/gcc/arm-none-eabi/11.3.1/../../../../arm-none-eabi/include/c++/11.3.1"]
  ignore line: [ignoring duplicate directory "/opt/arm-gnu-toolchain-11.3.rel1-x86_64-arm-none-eabi/bin/../lib/gcc/../../lib/gcc/arm-none-eabi/11.3.1/../../../../arm-none-eabi/include/c++/11.3.1/arm-none-eabi/thumb/v7e-m+fp/hard"]
  ignore line: [ignoring duplicate directory "/opt/arm-gnu-toolchain-11.3.rel1-x86_64-arm-none-eabi/bin/../lib/gcc/../../lib/gcc/arm-none-eabi/11.3.1/../../../../arm-none-eabi/include/c++/11.3.1/backward"]
  ignore line: [ignoring duplicate directory "/opt/arm-gnu-toolchain-11.3.rel1-x86_64-arm-none-eabi/bin/../lib/gcc/../../lib/gcc/arm-none-eabi/11.3.1/include"]
  ignore line: [ignoring nonexistent directory "/opt/arm-gnu-toolchain-11.3.rel1-x86_64-arm-none-eabi/bin/../arm-none-eabi/usr/local/include"]
  ignore line: [ignoring duplicate directory "/opt/arm-gnu-toolchain-11.3.rel1-x86_64-arm-none-eabi/bin/../lib/gcc/../../lib/gcc/arm-none-eabi/11.3.1/include-fixed"]
  ignore line: [ignoring duplicate directory "/opt/arm-gnu-toolchain-11.3.rel1-x86_64-arm-none-eabi/bin/../lib/gcc/../../lib/gcc/arm-none-eabi/11.3.1/../../../../arm-none-eabi/include"]
  ignore line: [ignoring nonexistent directory "/opt/arm-gnu-toolchain-11.3.rel1-x86_64-arm-none-eabi/bin/../arm-none-eabi/usr/include"]
  ignore line: [#include "..." search starts here:]
  ignore line: [#include <...> search starts here:]
  ignore line: [ /opt/arm-gnu-toolchain-11.3.rel1-x86_64-arm-none-eabi/bin/../lib/gcc/arm-none-eabi/11.3.1/../../../../arm-none-eabi/include/c++/11.3.1]
  ignore line: [ /opt/arm-gnu-toolchain-11.3.rel1-x86_64-arm-none-eabi/bin/../lib/gcc/arm-none-eabi/11.3.1/../../../../arm-none-eabi/include/c++/11.3.1/arm-none-eabi/thumb/v7e-m+fp/hard]
  ignore line: [ /opt/arm-gnu-toolchain-11.3.rel1-x86_64-arm-none-eabi/bin/../lib/gcc/arm-none-eabi/11.3.1/../../../../arm-none-eabi/include/c++/11.3.1/backward]
  ignore line: [ /opt/arm-gnu-toolchain-11.3.rel1-x86_64-arm-none-eabi/bin/../lib/gcc/arm-none-eabi/11.3.1/include]
  ignore line: [ /opt/arm-gnu-toolchain-11.3.rel1-x86_64-arm-none-eabi/bin/../lib/gcc/arm-none-eabi/11.3.1/include-fixed]
  ignore line: [ /opt/arm-gnu-toolchain-11.3.rel1-x86_64-arm-none-eabi/bin/../lib/gcc/arm-none-eabi/11.3.1/../../../../arm-none-eabi/include]
  ignore line: [End of search list.]
  ignore line: [GNU C++17 (Arm GNU Toolchain 11.3.Rel1) version 11.3.1 20220712 (arm-none-eabi)]
  ignore line: [	compiled by GNU C version 4.8.5 20150623 (Red Hat 4.8.5-44)  GMP version 6.2.1  MPFR version 3.1.6  MPC version 1.0.3  isl version isl-0.15-1-g835ea3a-GMP]
  ignore line: []
  ignore line: [GGC heuristics: --param ggc-min-expand=100 --param ggc-min-heapsize=131072]
  ignore line: [Compiler executable checksum: 4ad1443e6a345a117fb272ac1069ae94]
  ignore line: [COLLECT_GCC_OPTIONS='-mthumb' '-mcpu=cortex-m4' '-mfloat-abi=hard' '-mfpu=fpv4-sp-d16' '-g3' '-ffunction-sections' '-fdata-sections' '-fno-strict-aliasing' '-fno-builtin' '-fno-common' '-Wall' '-Wshadow' '-Wdouble-promotion' '-g' '-v' '-o' 'CMakeFiles/cmTC_61fcb.dir/CMakeCXXCompilerABI.cpp.obj' '-c' '-mlibarch=armv7e-m+fp' '-march=armv7e-m+fp' '-dumpdir' 'CMakeFiles/cmTC_61fcb.dir/']
  ignore line: [ /opt/arm-gnu-toolchain-11.3.rel1-x86_64-arm-none-eabi/bin/../lib/gcc/arm-none-eabi/11.3.1/../../../../arm-none-eabi/bin/as -v -march=armv7e-m -mfloat-abi=hard -mfpu=fpv4-sp-d16 -meabi=5 -o CMakeFiles/cmTC_61fcb.dir/CMakeCXXCompilerABI.cpp.obj /tmp/cc6ZzADw.s]
  ignore line: [GNU assembler version 2.38 (arm-none-eabi) using BFD version (Arm GNU Toolchain 11.3.Rel1) 2.38.20220708]
  ignore line: [COMPILER_PATH=/opt/arm-gnu-toolchain-11.3.rel1-x86_64-arm-none-eabi/bin/../libexec/gcc/arm-none-eabi/11.3.1/:/opt/arm-gnu-toolchain-11.3.rel1-x86_64-arm-none-eabi/bin/../libexec/gcc/:/opt/arm-gnu-toolchain-11.3.rel1-x86_64-arm-none-eabi/bin/../lib/gcc/arm-none-eabi/11.3.1/../../../../arm-none-eabi/bin/]
  ignore line: [LIBRARY_PATH=/opt/arm-gnu-toolchain-11.3.rel1-x86_64-arm-none-eabi/bin/../lib/gcc/arm-none-eabi/11.3.1/thumb/v7e-m+fp/hard/:/opt/arm-gnu-toolchain-11.3.rel1-x86_64-arm-none-eabi/bin/../lib/gcc/arm-none-eabi/11.3.1/../../../../arm-none-eabi/lib/thumb/v7e-m+fp/hard/:/opt/arm-gnu-toolchain-11.3.rel1-x86_64-arm-none-eabi/bin/../arm-none-eabi/lib/thumb/v7e-m+fp/hard/:/opt/arm-gnu-toolchain-11.3.rel1-x86_64-arm-none-eabi/bin/../lib/gcc/arm-none-eabi/11.3.1/:/opt/arm-gnu-toolchain-11.3.rel1-x86_64-arm-none-eabi/bin/../lib/gcc/:/opt/arm-gnu-toolchain-11.3.rel1-x86_64-arm-none-eabi/bin/../lib/gcc/arm-none-eabi/11.3.1/../../../../arm-none-eabi/lib/:/opt/arm-gnu-toolchain-11.3.rel1-x86_64-arm-none-eabi/bin/../arm-none-eabi/lib/]
  ignore line: [COLLECT_GCC_OPTIONS='-mthumb' '-mcpu=cortex-m4' '-mfloat-abi=hard' '-mfpu=fpv4-sp-d16' '-g3' '-ffunction-sections' '-fdata-sections' '-fno-strict-aliasing' '-fno-builtin' '-fno-common' '-Wall' '-Wshadow' '-Wdouble-promotion' '-g' '-v' '-o' 'CMakeFiles/cmTC_61fcb.dir/CMakeCXXCompilerABI.cpp.obj' '-c' '-mlibarch=armv7e-m+fp' '-march=armv7e-m+fp' '-dumpdir' 'CMakeFiles/cmTC_61fcb.dir/CMakeCXXCompilerABI.cpp.']
  ignore line: [[2/2] Linking CXX static library libcmTC_61fcb.a]
  ignore line: []
  ignore line: []
  implicit libs: []
  implicit objs: []
  implicit dirs: []
  implicit fwks: []


